c:\users\river\desktop\code\git\game\bengine\debug\bengine.pch
c:\users\river\desktop\code\git\game\bengine\debug\bengine.pdb
c:\users\river\desktop\code\git\game\bengine\debug\bengine.idb
c:\users\river\desktop\code\git\game\bengine\debug\stdafx.obj
c:\users\river\desktop\code\git\game\bengine\debug\picopng.obj
c:\users\river\desktop\code\git\game\bengine\debug\window.obj
c:\users\river\desktop\code\git\game\bengine\debug\timing.obj
c:\users\river\desktop\code\git\game\bengine\debug\texturecache.obj
c:\users\river\desktop\code\git\game\bengine\debug\spritebatch.obj
c:\users\river\desktop\code\git\game\bengine\debug\sprite.obj
c:\users\river\desktop\code\git\game\bengine\debug\resourcemanager.obj
c:\users\river\desktop\code\git\game\bengine\debug\inputmanager.obj
c:\users\river\desktop\code\git\game\bengine\debug\imageloader.obj
c:\users\river\desktop\code\git\game\bengine\debug\iomanager.obj
c:\users\river\desktop\code\git\game\bengine\debug\glslprogram.obj
c:\users\river\desktop\code\git\game\bengine\debug\errors.obj
c:\users\river\desktop\code\git\game\bengine\debug\camera2d.obj
c:\users\river\desktop\code\git\game\bengine\debug\bengine.obj
c:\users\river\desktop\code\git\game\debug\bengine.lib
c:\users\river\desktop\code\git\game\debug\bengine.pdb
c:\users\river\desktop\code\git\game\bengine\debug\bengine.tlog\cl.command.1.tlog
c:\users\river\desktop\code\git\game\bengine\debug\bengine.tlog\cl.read.1.tlog
c:\users\river\desktop\code\git\game\bengine\debug\bengine.tlog\cl.write.1.tlog
c:\users\river\desktop\code\git\game\bengine\debug\bengine.tlog\lib-link.read.1.tlog
c:\users\river\desktop\code\git\game\bengine\debug\bengine.tlog\lib-link.write.1.tlog
c:\users\river\desktop\code\git\game\bengine\debug\bengine.tlog\lib.command.1.tlog
