c:\users\river\desktop\code\git\game\game\debug\vc141.pdb
c:\users\river\desktop\code\git\game\game\debug\vc141.idb
c:\users\river\desktop\code\git\game\game\debug\maingame.obj
c:\users\river\desktop\code\git\game\game\debug\main.obj
c:\users\river\desktop\code\git\game\game\debug\glslprogram.obj
c:\users\river\desktop\code\git\game\game\debug\errors.obj
c:\users\river\desktop\code\git\game\game\debug\sprite.obj
c:\users\river\desktop\code\git\game\game\debug\iomanager.obj
c:\users\river\desktop\code\git\game\game\debug\imageloader.obj
c:\users\river\desktop\code\git\game\game\debug\texturecache.obj
c:\users\river\desktop\code\git\game\game\debug\resourcemanager.obj
c:\users\river\desktop\code\git\game\debug\game.exe
c:\users\river\desktop\code\git\game\debug\game.ilk
c:\users\river\desktop\code\git\game\debug\game.pdb
c:\users\river\desktop\code\git\game\game\debug\game.tlog\cl.command.1.tlog
c:\users\river\desktop\code\git\game\game\debug\game.tlog\cl.read.1.tlog
c:\users\river\desktop\code\git\game\game\debug\game.tlog\cl.write.1.tlog
c:\users\river\desktop\code\git\game\game\debug\game.tlog\link.command.1.tlog
c:\users\river\desktop\code\git\game\game\debug\game.tlog\link.read.1.tlog
c:\users\river\desktop\code\git\game\game\debug\game.tlog\link.write.1.tlog
